C:\Program Files (x86)\Microsoft Visual Studio\2019\Community\MSBuild\Microsoft\VC\v160\Microsoft.CppBuild.targets(491,5): warning MSB8028: 中间目录(Debug\)包含从另一个项目(Chapter9.vcxproj)共享的文件。   这会导致错误的清除和重新生成行为。
  chapter9.c
  functiuon.c
C:\Users\yangqi\GitHub\Coding\C\C_Primer_Plus\Chapter9\Chapter9\functiuon.c(106,21): warning C4018: “<”: 有符号/无符号不匹配
C:\Users\yangqi\GitHub\Coding\C\C_Primer_Plus\Chapter9\Chapter9\functiuon.c(123,1): warning C4305: “初始化”: 从“double”到“const float”截断
C:\Users\yangqi\GitHub\Coding\C\C_Primer_Plus\Chapter9\Chapter9\functiuon.c(124,1): warning C4305: “初始化”: 从“double”到“const float”截断
C:\Users\yangqi\GitHub\Coding\C\C_Primer_Plus\Chapter9\Chapter9\functiuon.c(125,1): warning C4305: “初始化”: 从“double”到“const float”截断
C:\Users\yangqi\GitHub\Coding\C\C_Primer_Plus\Chapter9\Chapter9\functiuon.c(126,1): warning C4305: “初始化”: 从“double”到“const float”截断
C:\Users\yangqi\GitHub\Coding\C\C_Primer_Plus\Chapter9\Chapter9\functiuon.c(127,1): warning C4305: “初始化”: 从“double”到“const float”截断
C:\Users\yangqi\GitHub\Coding\C\C_Primer_Plus\Chapter9\Chapter9\functiuon.c(245,10): warning C4047: “return”:“int *”与“int (*)[5]”的间接级别不同
C:\Users\yangqi\GitHub\Coding\C\C_Primer_Plus\Chapter9\Chapter9\functiuon.c(270,18): warning C4047: “函数”:“double *”与“double [3][5]”的间接级别不同
C:\Users\yangqi\GitHub\Coding\C\C_Primer_Plus\Chapter9\Chapter9\functiuon.c(270,11): warning C4024: “copy_arr”: 形参和实参 1 的类型不同
C:\Users\yangqi\GitHub\Coding\C\C_Primer_Plus\Chapter9\Chapter9\functiuon.c(270,26): warning C4047: “函数”:“double *”与“const double [3][5]”的间接级别不同
C:\Users\yangqi\GitHub\Coding\C\C_Primer_Plus\Chapter9\Chapter9\functiuon.c(270,20): warning C4024: “copy_arr”: 形参和实参 2 的类型不同
C:\Users\yangqi\GitHub\Coding\C\C_Primer_Plus\Chapter9\Chapter9\functiuon.c(271,18): warning C4047: “函数”:“double *”与“double [3][5]”的间接级别不同
C:\Users\yangqi\GitHub\Coding\C\C_Primer_Plus\Chapter9\Chapter9\functiuon.c(271,11): warning C4024: “copy_ptr”: 形参和实参 1 的类型不同
C:\Users\yangqi\GitHub\Coding\C\C_Primer_Plus\Chapter9\Chapter9\functiuon.c(271,26): warning C4047: “函数”:“double *”与“const double [3][5]”的间接级别不同
C:\Users\yangqi\GitHub\Coding\C\C_Primer_Plus\Chapter9\Chapter9\functiuon.c(271,20): warning C4024: “copy_ptr”: 形参和实参 2 的类型不同
C:\Users\yangqi\GitHub\Coding\C\C_Primer_Plus\Chapter9\Chapter9\functiuon.c(272,19): warning C4047: “函数”:“double *”与“double [3][5]”的间接级别不同
C:\Users\yangqi\GitHub\Coding\C\C_Primer_Plus\Chapter9\Chapter9\functiuon.c(272,12): warning C4024: “copy_ptrs”: 形参和实参 1 的类型不同
C:\Users\yangqi\GitHub\Coding\C\C_Primer_Plus\Chapter9\Chapter9\functiuon.c(272,27): warning C4047: “函数”:“double *”与“const double [3][5]”的间接级别不同
C:\Users\yangqi\GitHub\Coding\C\C_Primer_Plus\Chapter9\Chapter9\functiuon.c(272,21): warning C4024: “copy_ptrs”: 形参和实参 2 的类型不同
C:\Users\yangqi\GitHub\Coding\C\C_Primer_Plus\Chapter9\Chapter9\functiuon.c(272,39): warning C4047: “函数”:“double *”与“const double (*)[5]”的间接级别不同
C:\Users\yangqi\GitHub\Coding\C\C_Primer_Plus\Chapter9\Chapter9\functiuon.c(272,36): warning C4024: “copy_ptrs”: 形参和实参 3 的类型不同
C:\Users\yangqi\GitHub\Coding\C\C_Primer_Plus\Chapter9\Chapter9\functiuon.c(277,33): warning C4090: “函数”: 不同的“const”限定符
C:\Users\yangqi\GitHub\Coding\C\C_Primer_Plus\Chapter9\Chapter9\functiuon.c(294,31): warning C4090: “函数”: 不同的“const”限定符
C:\Users\yangqi\GitHub\Coding\C\C_Primer_Plus\Chapter9\Chapter9\functiuon.c(311,15): warning C4047: “return”:“double *”与“double (*)[5]”的间接级别不同
C:\Users\yangqi\GitHub\Coding\C\C_Primer_Plus\Chapter9\Chapter9\functiuon.c(313,38): warning C4028: 形参 2 与声明不同
C:\Users\yangqi\GitHub\Coding\C\C_Primer_Plus\Chapter9\Chapter9\functiuon.c(314,1): warning C4029: 声明的形参表不同于定义
C:\Users\yangqi\GitHub\Coding\C\C_Primer_Plus\Chapter9\Chapter9\functiuon.c(337,25): warning C4090: “函数”: 不同的“const”限定符
C:\Users\yangqi\GitHub\Coding\C\C_Primer_Plus\Chapter9\Chapter9\functiuon.c(337,35): warning C4047: “函数”:“double (*)[5]”与“double *”的间接级别不同
C:\Users\yangqi\GitHub\Coding\C\C_Primer_Plus\Chapter9\Chapter9\functiuon.c(337,18): warning C4024: “display”: 形参和实参 1 的类型不同
C:\Users\yangqi\GitHub\Coding\C\C_Primer_Plus\Chapter9\Chapter9\functiuon.c(353,1): warning C4005: “NUM”: 宏重定义
C:\Users\yangqi\GitHub\Coding\C\C_Primer_Plus\Chapter9\Chapter9\functiuon.c(249): message : 参见“NUM”的前一个定义
C:\Users\yangqi\GitHub\Coding\C\C_Primer_Plus\Chapter9\Chapter9\functiuon.c(360,18): warning C4028: 形参 1 与声明不同
C:\Users\yangqi\GitHub\Coding\C\C_Primer_Plus\Chapter9\Chapter9\functiuon.c(369,23): warning C4028: 形参 1 与声明不同
  正在生成代码...
C:\Users\yangqi\GitHub\Coding\C\C_Primer_Plus\Chapter9\Chapter9\functiuon.c(245): warning C4172: 返回局部变量或临时变量的地址: array_new
  Chapter9.vcxproj -> C:\Users\yangqi\GitHub\Coding\C\C_Primer_Plus\Chapter9\Debug\Project3_chapter9.exe
